<?xml version="1.0" encoding="UTF-8"?>
<!-- Generated by org.testng.reporters.JUnitReportReporter -->
<testsuite hostname="TYSS-Deeksha-M" failures="0" tests="3" name="testng.TC_DWS_001" time="0.007" errors="0" timestamp="2023-12-16T00:32:35 IST" skipped="0">
  <testcase classname="testng.TC_DWS_001" name="delete" time="0.001">
    <system-out>
      <![CDATA[delete method executed...]]>
    </system-out>
  </testcase> <!-- delete -->
  <testcase classname="testng.TC_DWS_001" name="remove" time="0.000">
    <system-out>
      <![CDATA[remove class executed...]]>
    </system-out>
  </testcase> <!-- remove -->
  <testcase classname="testng.TC_DWS_001" name="add" time="0.006">
    <system-out>
      <![CDATA[add method executed...]]>
    </system-out>
  </testcase> <!-- add -->
  <system-out>
    <![CDATA[add method executed...
delete method executed...
remove class executed...]]>
  </system-out>
</testsuite> <!-- testng.TC_DWS_001 -->
