<?xml version="1.0" encoding="UTF-8"?>
<!-- Generated by org.testng.reporters.JUnitReportReporter -->
<testsuite hostname="TYSS-Deeksha-M" failures="0" tests="1" name="testng.Amazon" time="5.097" errors="0" timestamp="2023-12-16T00:02:32 IST" skipped="0">
  <testcase classname="testng.Amazon" name="launchAmazon" time="5.097">
    <system-out>
      <![CDATA[User logged in to amazon successfully..]]>
    </system-out>
  </testcase> <!-- launchAmazon -->
  <system-out>
    <![CDATA[User logged in to amazon successfully..
User logged in to myntra successfully..
User logged in to wipro successfully..]]>
  </system-out>
</testsuite> <!-- testng.Amazon -->
