<?xml version="1.0" encoding="UTF-8"?>
<!-- Generated by org.testng.reporters.JUnitReportReporter -->
<testsuite hostname="TYSS-Deeksha-M" failures="0" tests="2" name="dataprovider.LoginTest" time="9.299" errors="0" timestamp="2023-12-16T00:33:45 IST" skipped="0">
  <testcase classname="dataprovider.LoginTest" name="login" time="5.626"/>
  <testcase classname="dataprovider.LoginTest" name="login" time="3.673"/>
</testsuite> <!-- dataprovider.LoginTest -->
