<?xml version="1.0" encoding="UTF-8"?>
<!-- Generated by org.testng.reporters.JUnitReportReporter -->
<testsuite hostname="TYSS-Deeksha-M" failures="0" tests="1" name="testng.ConfigurationAnnotation" time="0.006" errors="0" timestamp="2023-12-11T12:50:51 IST" skipped="0">
  <testcase classname="testng.ConfigurationAnnotation" name="demoTest" time="0.006">
    <system-out>
      <![CDATA[Demo test executed]]>
    </system-out>
  </testcase> <!-- demoTest -->
  <system-out>
    <![CDATA[beforeSuite test executed
BeforeTest test executed
BeforeClass test executed
BeforeMethod test executed
Demo test executed
AfterMethod test executed
AfterClass test executed
AfterTest test executed
afterSuite test executed]]>
  </system-out>
</testsuite> <!-- testng.ConfigurationAnnotation -->
