<?xml version="1.0" encoding="UTF-8"?>
<!-- Generated by org.testng.reporters.JUnitReportReporter -->
<testsuite hostname="TYSS-Deeksha-M" failures="0" tests="1" name="testng.Myntra" time="2.568" errors="0" timestamp="2023-12-16T00:02:32 IST" skipped="0">
  <testcase classname="testng.Myntra" name="launchMyntra" time="2.568">
    <system-out>
      <![CDATA[User logged in to myntra successfully..]]>
    </system-out>
  </testcase> <!-- launchMyntra -->
  <system-out>
    <![CDATA[User logged in to amazon successfully..
User logged in to myntra successfully..
User logged in to wipro successfully..]]>
  </system-out>
</testsuite> <!-- testng.Myntra -->
