<?xml version="1.0" encoding="UTF-8"?>
<!-- Generated by org.testng.reporters.JUnitReportReporter -->
<testsuite hostname="TYSS-Deeksha-M" failures="0" tests="6" name="testng.AnnotationAttribute" time="30.311" errors="0" timestamp="2023-12-16T00:05:17 IST" skipped="1">
  <testcase classname="testng.AnnotationAttribute" name="login" time="6.347">
    <system-out>
      <![CDATA[User logged in successfully..]]>
    </system-out>
  </testcase> <!-- login -->
  <testcase classname="testng.AnnotationAttribute" name="login" time="4.714">
    <system-out>
      <![CDATA[User logged in successfully..]]>
    </system-out>
  </testcase> <!-- login -->
  <testcase classname="testng.AnnotationAttribute" name="login" time="6.401">
    <system-out>
      <![CDATA[User logged in successfully..]]>
    </system-out>
  </testcase> <!-- login -->
  <testcase classname="testng.AnnotationAttribute" name="login" time="6.304">
    <system-out>
      <![CDATA[User logged in successfully..]]>
    </system-out>
  </testcase> <!-- login -->
  <testcase classname="testng.AnnotationAttribute" name="login" time="6.545">
    <system-out>
      <![CDATA[User logged in successfully..]]>
    </system-out>
  </testcase> <!-- login -->
  <testcase classname="testng.AnnotationAttribute" name="register">
    <skipped/>
  </testcase> <!-- register -->
  <system-out>
    <![CDATA[User logged in successfully..
User logged in successfully..
User logged in successfully..
User logged in successfully..
User logged in successfully..]]>
  </system-out>
</testsuite> <!-- testng.AnnotationAttribute -->
