<?xml version="1.0" encoding="UTF-8"?>
<!-- Generated by org.testng.reporters.JUnitReportReporter -->
<testsuite hostname="TYSS-Deeksha-M" failures="0" tests="2" name="testng.DependsOnMethods" time="11.103" errors="0" timestamp="2023-12-11T11:00:56 IST" skipped="0">
  <testcase classname="testng.DependsOnMethods" name="register" time="6.754">
    <system-out>
      <![CDATA[User registered in successfully..]]>
    </system-out>
  </testcase> <!-- register -->
  <testcase classname="testng.DependsOnMethods" name="login" time="4.349">
    <system-out>
      <![CDATA[User logged in successfully..]]>
    </system-out>
  </testcase> <!-- login -->
  <system-out>
    <![CDATA[User registered in successfully..
User logged in successfully..]]>
  </system-out>
</testsuite> <!-- testng.DependsOnMethods -->
