<?xml version="1.0" encoding="UTF-8"?>
<!-- Generated by org.testng.reporters.JUnitReportReporter -->
<testsuite hostname="TYSS-Deeksha-M" failures="0" tests="2" name="testng.CrossBrowserTest" time="7.921" errors="0" timestamp="2023-12-12T12:38:54 IST" skipped="0">
  <testcase classname="testng.CrossBrowserTest" name="demo" time="3.941"/>
  <testcase classname="testng.CrossBrowserTest" name="demo" time="3.980"/>
</testsuite> <!-- testng.CrossBrowserTest -->
