<?xml version="1.0" encoding="UTF-8"?>
<!-- Generated by org.testng.reporters.JUnitReportReporter -->
<testsuite hostname="TYSS-Deeksha-M" failures="0" tests="1" name="Assertion.DemoLogin" time="5.568" errors="0" timestamp="2023-12-12T10:34:45 IST" skipped="0">
  <testcase classname="Assertion.DemoLogin" name="login" time="5.568">
    <system-out>
      <![CDATA[User logged successfully]]>
    </system-out>
  </testcase> <!-- login -->
  <system-out>
    <![CDATA[User logged successfully]]>
  </system-out>
</testsuite> <!-- Assertion.DemoLogin -->
